ERROR 2020-06-21 03:17:48,389 self_configuration division by zero
Traceback (most recent call last):
  File "/Users/bucky/Desktop/Projects/Bank/v1/self_configurations/views/self_configuration.py", line 22, in get
    x = 1 / 0
ZeroDivisionError: division by zero
ERROR 2020-06-21 03:17:50,502 self_configuration division by zero
Traceback (most recent call last):
  File "/Users/bucky/Desktop/Projects/Bank/v1/self_configurations/views/self_configuration.py", line 22, in get
    x = 1 / 0
ZeroDivisionError: division by zero
ERROR 2020-06-21 03:18:09,935 self_configuration division by zero
Traceback (most recent call last):
  File "/Users/bucky/Desktop/Projects/Bank/v1/self_configurations/views/self_configuration.py", line 22, in get
    x = 1 / 0
ZeroDivisionError: division by zero
ERROR 2020-06-21 03:18:10,704 self_configuration division by zero
Traceback (most recent call last):
  File "/Users/bucky/Desktop/Projects/Bank/v1/self_configurations/views/self_configuration.py", line 22, in get
    x = 1 / 0
ZeroDivisionError: division by zero
ERROR 2020-06-21 03:18:40,839 self_configuration division by zero
Traceback (most recent call last):
  File "/Users/bucky/Desktop/Projects/Bank/v1/self_configurations/views/self_configuration.py", line 22, in get
    x = 1 / 0
ZeroDivisionError: division by zero
